Doing for BL_w0_2D
The binary files exist and loading
The files are loaded and moving onto calculation
The binary files are created and moving further
Doing for try
The binary files exist and loading
The files are loaded and moving onto calculation
The binary files are created and moving further
The eigen values, eigen vectors, phi_vel_normlzd and time_coeff did not exist and created
saved file BL_w0_2D_energySpecEvals.pdf
Saved data for Q12 BL_w0_2D
Doing for BL_w1_2D
The binary files exist and loading
The files are loaded and moving onto calculation
The binary files are created and moving further
Doing for try
The binary files exist and loading
The files are loaded and moving onto calculation
The binary files are created and moving further
The eigen values, eigen vectors, phi_vel_normlzd and time_coeff did not exist and created
saved file BL_w1_2D_energySpecEvals.pdf
Saved data for Q12 BL_w1_2D
Doing for BL_w2_2D
The binary files exist and loading
The files are loaded and moving onto calculation
The binary files are created and moving further
Doing for try
The binary files exist and loading
The files are loaded and moving onto calculation
The binary files are created and moving further
The eigen values, eigen vectors, phi_vel_normlzd and time_coeff did not exist and created
saved file BL_w2_2D_energySpecEvals.pdf
Saved data for Q12 BL_w2_2D
Doing for BL_w3_2D
The binary files exist and loading
The files are loaded and moving onto calculation
The binary files are created and moving further
Doing for try
The binary files exist and loading
The files are loaded and moving onto calculation
The binary files are created and moving further
The eigen values, eigen vectors, phi_vel_normlzd and time_coeff did not exist and created
saved file BL_w3_2D_energySpecEvals.pdf
Saved data for Q12 BL_w3_2D
Doing for BL_w0_7D
The binary files exist and loading
The files are loaded and moving onto calculation
The binary files are created and moving further
Doing for try
The binary files exist and loading
The files are loaded and moving onto calculation
The binary files are created and moving further
The eigen values, eigen vectors, phi_vel_normlzd and time_coeff did not exist and created
saved file BL_w0_7D_energySpecEvals.pdf
Saved data for Q12 BL_w0_7D
Doing for BL_w1_7D
The binary files exist and loading
The files are loaded and moving onto calculation
The binary files are created and moving further
Doing for try
The binary files exist and loading
The files are loaded and moving onto calculation
The binary files are created and moving further
The eigen values, eigen vectors, phi_vel_normlzd and time_coeff did not exist and created
saved file BL_w1_7D_energySpecEvals.pdf
Saved data for Q12 BL_w1_7D
Doing for BL_w2_7D
The binary files exist and loading
The files are loaded and moving onto calculation
The binary files are created and moving further
Doing for try
The binary files exist and loading
The files are loaded and moving onto calculation
The binary files are created and moving further
The eigen values, eigen vectors, phi_vel_normlzd and time_coeff did not exist and created
saved file BL_w2_7D_energySpecEvals.pdf
Saved data for Q12 BL_w2_7D
Doing for BL_w3_7D
The binary files exist and loading
The files are loaded and moving onto calculation
The binary files are created and moving further
Doing for try
The binary files exist and loading
The files are loaded and moving onto calculation
The binary files are created and moving further
The eigen values, eigen vectors, phi_vel_normlzd and time_coeff did not exist and created
saved file BL_w3_7D_energySpecEvals.pdf
Saved data for Q12 BL_w3_7D
